<?xml version="1.0" encoding="UTF-8"?>
<!-- Generated by org.testng.reporters.JUnitXMLReporter -->
<testsuite ignored="0" hostname="Hp" failures="0" tests="17" name="Default test" time="2.873" errors="0" timestamp="2025-12-17T23:18:27 IST">
  <testcase classname="com.crm.BaseClass.DashboardBase" name="@BeforeMethod precondition" time="2.245">
    <failure type="org.openqa.selenium.WebDriverException" message="unknown error: net::ERR_INTERNET_DISCONNECTED
  (Session info: chrome=143.0.7499.42)
Build info: version: &amp;apos;4.18.1&amp;apos;, revision: &amp;apos;b1d3319b48&amp;apos;
System info: os.name: &amp;apos;Windows 11&amp;apos;, os.arch: &amp;apos;amd64&amp;apos;, os.version: &amp;apos;10.0&amp;apos;, java.version: &amp;apos;21.0.9&amp;apos;
Driver info: org.openqa.selenium.chrome.ChromeDriver
Command: [d16366e5a2314841a00053d40c07d572, get {url=https://opensource-demo.orangehrmlive.com/web/index.php/auth/login}]
Capabilities {acceptInsecureCerts: false, browserName: chrome, browserVersion: 143.0.7499.42, chrome: {chromedriverVersion: 143.0.7499.146 (c1224fc40c9..., userDataDir: C:\Users\rosha\AppData\Loca...}, fedcm:accounts: true, goog:chromeOptions: {debuggerAddress: localhost:53738}, goog:processID: 4260, networkConnectionEnabled: false, pageLoadStrategy: normal, platformName: windows, proxy: Proxy(), se:cdp: ws://localhost:53738/devtoo..., se:cdpVersion: 143.0.7499.42, setWindowRect: true, strictFileInteractability: false, timeouts: {implicit: 0, pageLoad: 300000, script: 30000}, unhandledPromptBehavior: dismiss and notify, webauthn:extension:credBlob: true, webauthn:extension:largeBlob: true, webauthn:extension:minPinLength: true, webauthn:extension:prf: true, webauthn:virtualAuthenticators: true}
Session ID: d16366e5a2314841a00053d40c07d572">
      <![CDATA[org.openqa.selenium.WebDriverException: unknown error: net::ERR_INTERNET_DISCONNECTED
  (Session info: chrome=143.0.7499.42)
Build info: version: '4.18.1', revision: 'b1d3319b48'
System info: os.name: 'Windows 11', os.arch: 'amd64', os.version: '10.0', java.version: '21.0.9'
Driver info: org.openqa.selenium.chrome.ChromeDriver
Command: [d16366e5a2314841a00053d40c07d572, get {url=https://opensource-demo.orangehrmlive.com/web/index.php/auth/login}]
Capabilities {acceptInsecureCerts: false, browserName: chrome, browserVersion: 143.0.7499.42, chrome: {chromedriverVersion: 143.0.7499.146 (c1224fc40c9..., userDataDir: C:\Users\rosha\AppData\Loca...}, fedcm:accounts: true, goog:chromeOptions: {debuggerAddress: localhost:53738}, goog:processID: 4260, networkConnectionEnabled: false, pageLoadStrategy: normal, platformName: windows, proxy: Proxy(), se:cdp: ws://localhost:53738/devtoo..., se:cdpVersion: 143.0.7499.42, setWindowRect: true, strictFileInteractability: false, timeouts: {implicit: 0, pageLoad: 300000, script: 30000}, unhandledPromptBehavior: dismiss and notify, webauthn:extension:credBlob: true, webauthn:extension:largeBlob: true, webauthn:extension:minPinLength: true, webauthn:extension:prf: true, webauthn:virtualAuthenticators: true}
Session ID: d16366e5a2314841a00053d40c07d572
at java.base/jdk.internal.reflect.DirectConstructorHandleAccessor.newInstance(DirectConstructorHandleAccessor.java:62)
at java.base/java.lang.reflect.Constructor.newInstanceWithCaller(Constructor.java:502)
at java.base/java.lang.reflect.Constructor.newInstance(Constructor.java:486)
at org.openqa.selenium.remote.ErrorCodec.decode(ErrorCodec.java:167)
at org.openqa.selenium.remote.codec.w3c.W3CHttpResponseCodec.decode(W3CHttpResponseCodec.java:138)
at org.openqa.selenium.remote.codec.w3c.W3CHttpResponseCodec.decode(W3CHttpResponseCodec.java:50)
at org.openqa.selenium.remote.HttpCommandExecutor.execute(HttpCommandExecutor.java:190)
at org.openqa.selenium.remote.service.DriverCommandExecutor.invokeExecute(DriverCommandExecutor.java:216)
at org.openqa.selenium.remote.service.DriverCommandExecutor.execute(DriverCommandExecutor.java:174)
at org.openqa.selenium.remote.RemoteWebDriver.execute(RemoteWebDriver.java:519)
at org.openqa.selenium.remote.RemoteWebDriver.get(RemoteWebDriver.java:301)
at com.crm.BaseClass.DashboardBase.precondition(DashboardBase.java:39)
at java.base/jdk.internal.reflect.DirectMethodHandleAccessor.invoke(DirectMethodHandleAccessor.java:103)
at java.base/java.lang.reflect.Method.invoke(Method.java:580)
at org.testng.internal.invokers.MethodInvocationHelper.invokeMethod(MethodInvocationHelper.java:141)
at org.testng.internal.invokers.MethodInvocationHelper.invokeMethodConsideringTimeout(MethodInvocationHelper.java:71)
at org.testng.internal.invokers.ConfigInvoker.invokeConfigurationMethod(ConfigInvoker.java:400)
at org.testng.internal.invokers.ConfigInvoker.invokeConfigurations(ConfigInvoker.java:333)
at org.testng.internal.invokers.TestInvoker.runConfigMethods(TestInvoker.java:836)
at org.testng.internal.invokers.TestInvoker.invokeMethod(TestInvoker.java:601)
at org.testng.internal.invokers.TestInvoker.invokeTestMethod(TestInvoker.java:230)
at org.testng.internal.invokers.MethodRunner.runInSequence(MethodRunner.java:63)
at org.testng.internal.invokers.TestInvoker$MethodInvocationAgent.invoke(TestInvoker.java:995)
at org.testng.internal.invokers.TestInvoker.invokeTestMethods(TestInvoker.java:203)
at org.testng.internal.invokers.TestMethodWorker.invokeTestMethods(TestMethodWorker.java:154)
at org.testng.internal.invokers.TestMethodWorker.run(TestMethodWorker.java:134)
at java.base/java.util.ArrayList.forEach(ArrayList.java:1596)
at org.testng.TestRunner.privateRun(TestRunner.java:741)
at org.testng.TestRunner.run(TestRunner.java:616)
at org.testng.SuiteRunner.runTest(SuiteRunner.java:421)
at org.testng.SuiteRunner.runSequentially(SuiteRunner.java:413)
at org.testng.SuiteRunner.privateRun(SuiteRunner.java:373)
at org.testng.SuiteRunner.run(SuiteRunner.java:312)
at org.testng.SuiteRunnerWorker.runSuite(SuiteRunnerWorker.java:52)
at org.testng.SuiteRunnerWorker.run(SuiteRunnerWorker.java:95)
at org.testng.TestNG.runSuitesSequentially(TestNG.java:1274)
at org.testng.TestNG.runSuitesLocally(TestNG.java:1208)
at org.testng.TestNG.runSuites(TestNG.java:1112)
at org.testng.TestNG.run(TestNG.java:1079)
at org.testng.remote.AbstractRemoteTestNG.run(AbstractRemoteTestNG.java:115)
at org.testng.remote.RemoteTestNG.initAndRun(RemoteTestNG.java:293)
at org.testng.remote.RemoteTestNG.main(RemoteTestNG.java:91)
]]>
    </failure>
  </testcase> <!-- @BeforeMethod precondition -->
  <testcase classname="com.crm.BaseClass.DashboardBase" name="@AfterMethod postcondition" time="0.0">
    <skipped/>
  </testcase> <!-- @AfterMethod postcondition -->
  <testcase classname="com.crm.BaseClass.DashboardBase" name="@BeforeMethod precondition" time="0.0">
    <skipped/>
  </testcase> <!-- @BeforeMethod precondition -->
  <testcase classname="com.crm.BaseClass.DashboardBase" name="@AfterMethod postcondition" time="0.0">
    <skipped/>
  </testcase> <!-- @AfterMethod postcondition -->
  <testcase classname="com.crm.BaseClass.DashboardBase" name="@BeforeMethod precondition" time="0.0">
    <skipped/>
  </testcase> <!-- @BeforeMethod precondition -->
  <testcase classname="com.crm.BaseClass.DashboardBase" name="@AfterMethod postcondition" time="0.0">
    <skipped/>
  </testcase> <!-- @AfterMethod postcondition -->
  <testcase classname="com.crm.BaseClass.DashboardBase" name="@BeforeMethod precondition" time="0.0">
    <skipped/>
  </testcase> <!-- @BeforeMethod precondition -->
  <testcase classname="com.crm.BaseClass.DashboardBase" name="@AfterMethod postcondition" time="0.0">
    <skipped/>
  </testcase> <!-- @AfterMethod postcondition -->
  <testcase classname="com.crm.BaseClass.DashboardBase" name="@BeforeMethod precondition" time="0.0">
    <skipped/>
  </testcase> <!-- @BeforeMethod precondition -->
  <testcase classname="com.crm.BaseClass.DashboardBase" name="@AfterMethod postcondition" time="0.0">
    <skipped/>
  </testcase> <!-- @AfterMethod postcondition -->
  <testcase classname="com.crm.BaseClass.DashboardBase" name="@BeforeMethod precondition" time="0.0">
    <skipped/>
  </testcase> <!-- @BeforeMethod precondition -->
  <testcase classname="com.crm.BaseClass.DashboardBase" name="@AfterMethod postcondition" time="0.0">
    <skipped/>
  </testcase> <!-- @AfterMethod postcondition -->
  <testcase classname="com.crm.BaseClass.DashboardBase" name="@BeforeMethod precondition" time="0.0">
    <skipped/>
  </testcase> <!-- @BeforeMethod precondition -->
  <testcase classname="com.crm.BaseClass.DashboardBase" name="@AfterMethod postcondition" time="0.0">
    <skipped/>
  </testcase> <!-- @AfterMethod postcondition -->
  <testcase classname="com.crm.BaseClass.DashboardBase" name="@BeforeMethod precondition" time="0.0">
    <skipped/>
  </testcase> <!-- @BeforeMethod precondition -->
  <testcase classname="com.crm.BaseClass.DashboardBase" name="@AfterMethod postcondition" time="0.0">
    <skipped/>
  </testcase> <!-- @AfterMethod postcondition -->
  <testcase classname="com.crm.BaseClass.DashboardBase" name="@BeforeMethod precondition" time="0.0">
    <skipped/>
  </testcase> <!-- @BeforeMethod precondition -->
  <testcase classname="com.crm.BaseClass.DashboardBase" name="@AfterMethod postcondition" time="0.0">
    <skipped/>
  </testcase> <!-- @AfterMethod postcondition -->
  <testcase classname="com.crm.BaseClass.DashboardBase" name="@BeforeMethod precondition" time="0.0">
    <skipped/>
  </testcase> <!-- @BeforeMethod precondition -->
  <testcase classname="com.crm.BaseClass.DashboardBase" name="@AfterMethod postcondition" time="0.0">
    <skipped/>
  </testcase> <!-- @AfterMethod postcondition -->
  <testcase classname="com.crm.BaseClass.DashboardBase" name="@BeforeMethod precondition" time="0.0">
    <skipped/>
  </testcase> <!-- @BeforeMethod precondition -->
  <testcase classname="com.crm.BaseClass.DashboardBase" name="@AfterMethod postcondition" time="0.0">
    <skipped/>
  </testcase> <!-- @AfterMethod postcondition -->
  <testcase classname="com.crm.BaseClass.DashboardBase" name="@BeforeMethod precondition" time="0.0">
    <skipped/>
  </testcase> <!-- @BeforeMethod precondition -->
  <testcase classname="com.crm.BaseClass.DashboardBase" name="@AfterMethod postcondition" time="0.0">
    <skipped/>
  </testcase> <!-- @AfterMethod postcondition -->
  <testcase classname="com.crm.BaseClass.DashboardBase" name="@BeforeMethod precondition" time="0.0">
    <skipped/>
  </testcase> <!-- @BeforeMethod precondition -->
  <testcase classname="com.crm.BaseClass.DashboardBase" name="@AfterMethod postcondition" time="0.0">
    <skipped/>
  </testcase> <!-- @AfterMethod postcondition -->
  <testcase classname="com.crm.BaseClass.DashboardBase" name="@BeforeMethod precondition" time="0.0">
    <skipped/>
  </testcase> <!-- @BeforeMethod precondition -->
  <testcase classname="com.crm.BaseClass.DashboardBase" name="@AfterMethod postcondition" time="0.0">
    <skipped/>
  </testcase> <!-- @AfterMethod postcondition -->
  <testcase classname="com.crm.BaseClass.DashboardBase" name="@BeforeMethod precondition" time="0.0">
    <skipped/>
  </testcase> <!-- @BeforeMethod precondition -->
  <testcase classname="com.crm.BaseClass.DashboardBase" name="@AfterMethod postcondition" time="0.0">
    <skipped/>
  </testcase> <!-- @AfterMethod postcondition -->
  <testcase classname="com.crm.BaseClass.DashboardBase" name="@BeforeMethod precondition" time="0.0">
    <skipped/>
  </testcase> <!-- @BeforeMethod precondition -->
  <testcase classname="com.crm.BaseClass.DashboardBase" name="@AfterMethod postcondition" time="0.0">
    <skipped/>
  </testcase> <!-- @AfterMethod postcondition -->
  <testcase classname="com.crm.BaseClass.DashboardBase" name="@BeforeMethod precondition" time="0.0">
    <skipped/>
  </testcase> <!-- @BeforeMethod precondition -->
  <testcase classname="com.crm.BaseClass.DashboardBase" name="@AfterMethod postcondition" time="0.0">
    <skipped/>
  </testcase> <!-- @AfterMethod postcondition -->
  <testcase classname="functionalTesting.DashboardTest" name="tc_001_verifyDashboardUrl" time="0.0">
    <skipped/>
  </testcase> <!-- tc_001_verifyDashboardUrl -->
  <testcase classname="functionalTesting.DashboardTest" name="tc_002_verifyDashboardHeader" time="0.0">
    <skipped/>
  </testcase> <!-- tc_002_verifyDashboardHeader -->
  <testcase classname="functionalTesting.DashboardTest" name="tc_003_verifyMenuTabsDisplayed" time="0.0">
    <skipped/>
  </testcase> <!-- tc_003_verifyMenuTabsDisplayed -->
  <testcase classname="functionalTesting.DashboardTest" name="tc_004_verifyProfileDropdownOptions" time="0.001">
    <skipped/>
  </testcase> <!-- tc_004_verifyProfileDropdownOptions -->
  <testcase classname="functionalTesting.DashboardTest" name="tc_005_verifyLogoutFunctionality" time="0.0">
    <skipped/>
  </testcase> <!-- tc_005_verifyLogoutFunctionality -->
  <testcase classname="functionalTesting.DashboardTest" name="tc_006_verifyDashboardWidgets" time="0.0">
    <skipped/>
  </testcase> <!-- tc_006_verifyDashboardWidgets -->
  <testcase classname="functionalTesting.DashboardTest" name="tc_007_verifySearchTabEnabled" time="0.001">
    <skipped/>
  </testcase> <!-- tc_007_verifySearchTabEnabled -->
  <testcase classname="functionalTesting.DashboardTest" name="tc_008_verifySidebarToggle" time="0.0">
    <skipped/>
  </testcase> <!-- tc_008_verifySidebarToggle -->
  <testcase classname="functionalTesting.DashboardTest" name="tc_009_verifyQuickLaunchOptions" time="0.0">
    <skipped/>
  </testcase> <!-- tc_009_verifyQuickLaunchOptions -->
  <testcase classname="functionalTesting.DashboardTest" name="tc_010_verifyHelpIconDisplayed" time="0.0">
    <skipped/>
  </testcase> <!-- tc_010_verifyHelpIconDisplayed -->
  <testcase classname="functionalTesting.DashboardTest" name="tc_011_verifyDashboardFooter" time="0.0">
    <skipped/>
  </testcase> <!-- tc_011_verifyDashboardFooter -->
  <testcase classname="functionalTesting.DashboardTest" name="tc_012_verifyMyActionsLinksDisplayed" time="0.0">
    <skipped/>
  </testcase> <!-- tc_012_verifyMyActionsLinksDisplayed -->
  <testcase classname="functionalTesting.DashboardTest" name="tc_013_verifyQuickLaunchCardsEnabled" time="0.0">
    <skipped/>
  </testcase> <!-- tc_013_verifyQuickLaunchCardsEnabled -->
  <testcase classname="functionalTesting.DashboardTest" name="tc_014_verifyTimeClockIconEnabled" time="0.0">
    <skipped/>
  </testcase> <!-- tc_014_verifyTimeClockIconEnabled -->
  <testcase classname="functionalTesting.DashboardTest" name="tc_015_verifyEmployeeSubUnitsDisplayed" time="0.0">
    <skipped/>
  </testcase> <!-- tc_015_verifyEmployeeSubUnitsDisplayed -->
  <testcase classname="functionalTesting.DashboardTest" name="tc_016_verifyEmployeeLocationsDisplayed" time="0.0">
    <skipped/>
  </testcase> <!-- tc_016_verifyEmployeeLocationsDisplayed -->
  <testcase classname="functionalTesting.DashboardTest" name="tc_017_verifyUpgradeButtonDisplayed" time="0.0">
    <skipped/>
  </testcase> <!-- tc_017_verifyUpgradeButtonDisplayed -->
</testsuite> <!-- Default test -->
