<?xml version="1.0" encoding="UTF-8"?>
<!-- Generated by org.testng.reporters.JUnitXMLReporter -->
<testsuite ignored="0" hostname="Hp" failures="0" tests="26" name="Default test" time="246.558" errors="0" timestamp="2026-01-02T13:53:33 IST">
  <testcase classname="functionalTesting.LoginTest" name="tc_001_verifyLoginPage" time="0.85"/>
  <testcase classname="functionalTesting.LoginTest" name="tc_002_verifyUsernamePlaceholder" time="0.817"/>
  <testcase classname="functionalTesting.LoginTest" name="tc_003_verifyPasswordPlaceholder" time="0.765"/>
  <testcase classname="functionalTesting.LoginTest" name="tc_004_verifyUsernamePlaceholder" time="0.725"/>
  <testcase classname="functionalTesting.LoginTest" name="tc_005_verifyPasswordPlaceholder" time="0.832"/>
  <testcase classname="functionalTesting.LoginTest" name="tc_006_verifyLoginButtonEnabled" time="0.736"/>
  <testcase classname="functionalTesting.LoginTest" name="tc_007_verifyForgotPasswordLink" time="0.838"/>
  <testcase classname="functionalTesting.LoginTest" name="tc_008_validateLoginBehavior" time="3.236"/>
  <testcase classname="functionalTesting.LoginTest" name="tc_008_validateLoginBehavior" time="3.9"/>
  <testcase classname="functionalTesting.LoginTest" name="tc_008_validateLoginBehavior" time="3.171"/>
  <testcase classname="functionalTesting.LoginTest" name="tc_008_validateLoginBehavior" time="3.18"/>
  <testcase classname="functionalTesting.LoginTest" name="tc_008_validateLoginBehavior" time="6.771"/>
  <testcase classname="functionalTesting.LoginTest" name="tc_008_validateLoginBehavior" time="4.032"/>
  <testcase classname="functionalTesting.LoginTest" name="tc_008_validateLoginBehavior" time="3.828"/>
  <testcase classname="functionalTesting.LoginTest" name="tc_008_validateLoginBehavior" time="3.931"/>
  <testcase classname="functionalTesting.LoginTest" name="tc_009_verifyErrorMessageText" time="0.005">
    <skipped/>
  </testcase> <!-- tc_009_verifyErrorMessageText -->
  <testcase classname="functionalTesting.LoginTest" name="tc_009_verifyErrorMessageText" time="4.306"/>
  <testcase classname="functionalTesting.LoginTest" name="tc_009_verifyErrorMessageText" time="3.781"/>
  <testcase classname="functionalTesting.LoginTest" name="tc_009_verifyErrorMessageText" time="0.002">
    <skipped/>
  </testcase> <!-- tc_009_verifyErrorMessageText -->
  <testcase classname="functionalTesting.LoginTest" name="tc_009_verifyErrorMessageText" time="0.001">
    <skipped/>
  </testcase> <!-- tc_009_verifyErrorMessageText -->
  <testcase classname="functionalTesting.LoginTest" name="tc_009_verifyErrorMessageText" time="3.857"/>
  <testcase classname="functionalTesting.LoginTest" name="tc_009_verifyErrorMessageText" time="3.882"/>
  <testcase classname="functionalTesting.LoginTest" name="tc_009_verifyErrorMessageText" time="3.93"/>
  <testcase classname="functionalTesting.LoginTest" name="tc_010_verifyErrorForEmptyCredentials" time="0.878"/>
  <testcase classname="functionalTesting.LoginTest" name="tc_011_verifySocialIconsDisplayed" time="0.922"/>
  <testcase classname="functionalTesting.LoginTest" name="tc_012_verifyFooterText" time="0.753"/>
</testsuite> <!-- Default test -->
