<?xml version="1.0" encoding="UTF-8"?>
<!-- Generated by org.testng.reporters.JUnitReportReporter -->
<testsuite hostname="Hp" failures="0" tests="26" name="functionalTesting.LoginTest" time="244.991" errors="0" timestamp="2026-01-02T13:53:34 IST" skipped="3">
  <testcase classname="functionalTesting.LoginTest" name="tc_001_verifyLoginPage" time="6.487">
    <system-out>
      <![CDATA[tc_001_verifyLoginPage is onTestStart]]>
    </system-out>
  </testcase> <!-- tc_001_verifyLoginPage -->
  <testcase classname="functionalTesting.LoginTest" name="tc_002_verifyUsernamePlaceholder" time="10.545">
    <system-out>
      <![CDATA[tc_002_verifyUsernamePlaceholder is onTestStart]]>
    </system-out>
  </testcase> <!-- tc_002_verifyUsernamePlaceholder -->
  <testcase classname="functionalTesting.LoginTest" name="tc_003_verifyPasswordPlaceholder" time="6.880">
    <system-out>
      <![CDATA[tc_003_verifyPasswordPlaceholder is onTestStart]]>
    </system-out>
  </testcase> <!-- tc_003_verifyPasswordPlaceholder -->
  <testcase classname="functionalTesting.LoginTest" name="tc_004_verifyUsernamePlaceholder" time="11.847">
    <system-out>
      <![CDATA[tc_004_verifyUsernamePlaceholder is onTestStart]]>
    </system-out>
  </testcase> <!-- tc_004_verifyUsernamePlaceholder -->
  <testcase classname="functionalTesting.LoginTest" name="tc_005_verifyPasswordPlaceholder" time="6.865">
    <system-out>
      <![CDATA[tc_005_verifyPasswordPlaceholder is onTestStart]]>
    </system-out>
  </testcase> <!-- tc_005_verifyPasswordPlaceholder -->
  <testcase classname="functionalTesting.LoginTest" name="tc_006_verifyLoginButtonEnabled" time="8.971">
    <system-out>
      <![CDATA[tc_006_verifyLoginButtonEnabled is onTestStart]]>
    </system-out>
  </testcase> <!-- tc_006_verifyLoginButtonEnabled -->
  <testcase classname="functionalTesting.LoginTest" name="tc_007_verifyForgotPasswordLink" time="6.584">
    <system-out>
      <![CDATA[tc_007_verifyForgotPasswordLink is onTestStart]]>
    </system-out>
  </testcase> <!-- tc_007_verifyForgotPasswordLink -->
  <testcase classname="functionalTesting.LoginTest" name="tc_008_validateLoginBehavior" time="9.511">
    <system-out>
      <![CDATA[tc_008_validateLoginBehavior is onTestStart]]>
    </system-out>
  </testcase> <!-- tc_008_validateLoginBehavior -->
  <testcase classname="functionalTesting.LoginTest" name="tc_008_validateLoginBehavior" time="9.594">
    <system-out>
      <![CDATA[tc_008_validateLoginBehavior is onTestStart]]>
    </system-out>
  </testcase> <!-- tc_008_validateLoginBehavior -->
  <testcase classname="functionalTesting.LoginTest" name="tc_008_validateLoginBehavior" time="12.651">
    <system-out>
      <![CDATA[tc_008_validateLoginBehavior is onTestStart]]>
    </system-out>
  </testcase> <!-- tc_008_validateLoginBehavior -->
  <testcase classname="functionalTesting.LoginTest" name="tc_008_validateLoginBehavior" time="10.316">
    <system-out>
      <![CDATA[tc_008_validateLoginBehavior is onTestStart]]>
    </system-out>
  </testcase> <!-- tc_008_validateLoginBehavior -->
  <testcase classname="functionalTesting.LoginTest" name="tc_008_validateLoginBehavior" time="8.991">
    <system-out>
      <![CDATA[tc_008_validateLoginBehavior is onTestStart]]>
    </system-out>
  </testcase> <!-- tc_008_validateLoginBehavior -->
  <testcase classname="functionalTesting.LoginTest" name="tc_008_validateLoginBehavior" time="10.155">
    <system-out>
      <![CDATA[tc_008_validateLoginBehavior is onTestStart]]>
    </system-out>
  </testcase> <!-- tc_008_validateLoginBehavior -->
  <testcase classname="functionalTesting.LoginTest" name="tc_008_validateLoginBehavior" time="19.621">
    <system-out>
      <![CDATA[tc_008_validateLoginBehavior is onTestStart]]>
    </system-out>
  </testcase> <!-- tc_008_validateLoginBehavior -->
  <testcase classname="functionalTesting.LoginTest" name="tc_008_validateLoginBehavior" time="9.777">
    <system-out>
      <![CDATA[tc_008_validateLoginBehavior is onTestStart]]>
    </system-out>
  </testcase> <!-- tc_008_validateLoginBehavior -->
  <testcase classname="functionalTesting.LoginTest" name="tc_009_verifyErrorMessageText" time="6.299">
    <skipped/>
    <system-out>
      <![CDATA[tc_009_verifyErrorMessageText is onTestStart]]>
    </system-out>
  </testcase> <!-- tc_009_verifyErrorMessageText -->
  <testcase classname="functionalTesting.LoginTest" name="tc_009_verifyErrorMessageText" time="14.960">
    <skipped/>
    <system-out>
      <![CDATA[tc_009_verifyErrorMessageText is onTestStart]]>
    </system-out>
  </testcase> <!-- tc_009_verifyErrorMessageText -->
  <testcase classname="functionalTesting.LoginTest" name="tc_009_verifyErrorMessageText" time="10.215">
    <system-out>
      <![CDATA[tc_009_verifyErrorMessageText is onTestStart]]>
    </system-out>
  </testcase> <!-- tc_009_verifyErrorMessageText -->
  <testcase classname="functionalTesting.LoginTest" name="tc_009_verifyErrorMessageText" time="10.576">
    <system-out>
      <![CDATA[tc_009_verifyErrorMessageText is onTestStart]]>
    </system-out>
  </testcase> <!-- tc_009_verifyErrorMessageText -->
  <testcase classname="functionalTesting.LoginTest" name="tc_009_verifyErrorMessageText" time="6.580">
    <system-out>
      <![CDATA[tc_009_verifyErrorMessageText is onTestStart]]>
    </system-out>
  </testcase> <!-- tc_009_verifyErrorMessageText -->
  <testcase classname="functionalTesting.LoginTest" name="tc_009_verifyErrorMessageText" time="10.100">
    <system-out>
      <![CDATA[tc_009_verifyErrorMessageText is onTestStart]]>
    </system-out>
  </testcase> <!-- tc_009_verifyErrorMessageText -->
  <testcase classname="functionalTesting.LoginTest" name="tc_009_verifyErrorMessageText" time="6.168">
    <skipped/>
    <system-out>
      <![CDATA[tc_009_verifyErrorMessageText is onTestStart]]>
    </system-out>
  </testcase> <!-- tc_009_verifyErrorMessageText -->
  <testcase classname="functionalTesting.LoginTest" name="tc_009_verifyErrorMessageText" time="9.966">
    <system-out>
      <![CDATA[tc_009_verifyErrorMessageText is onTestStart]]>
    </system-out>
  </testcase> <!-- tc_009_verifyErrorMessageText -->
  <testcase classname="functionalTesting.LoginTest" name="tc_010_verifyErrorForEmptyCredentials" time="7.155">
    <system-out>
      <![CDATA[tc_010_verifyErrorForEmptyCredentials is onTestStart]]>
    </system-out>
  </testcase> <!-- tc_010_verifyErrorForEmptyCredentials -->
  <testcase classname="functionalTesting.LoginTest" name="tc_011_verifySocialIconsDisplayed" time="7.472">
    <system-out>
      <![CDATA[tc_011_verifySocialIconsDisplayed is onTestStart]]>
    </system-out>
  </testcase> <!-- tc_011_verifySocialIconsDisplayed -->
  <testcase classname="functionalTesting.LoginTest" name="tc_012_verifyFooterText" time="6.705">
    <system-out>
      <![CDATA[tc_012_verifyFooterText is onTestStart]]>
    </system-out>
  </testcase> <!-- tc_012_verifyFooterText -->
  <system-out>
    <![CDATA[onStart
tc_001_verifyLoginPage is onTestStart
tc_002_verifyUsernamePlaceholder is onTestStart
tc_003_verifyPasswordPlaceholder is onTestStart
tc_004_verifyUsernamePlaceholder is onTestStart
tc_005_verifyPasswordPlaceholder is onTestStart
tc_006_verifyLoginButtonEnabled is onTestStart
tc_007_verifyForgotPasswordLink is onTestStart
tc_008_validateLoginBehavior is onTestStart
tc_008_validateLoginBehavior is onTestStart
tc_008_validateLoginBehavior is onTestStart
tc_008_validateLoginBehavior is onTestStart
tc_008_validateLoginBehavior is onTestStart
tc_008_validateLoginBehavior is onTestStart
tc_008_validateLoginBehavior is onTestStart
tc_008_validateLoginBehavior is onTestStart
tc_009_verifyErrorMessageText is onTestStart
tc_009_verifyErrorMessageText is onTestStart
tc_009_verifyErrorMessageText is onTestStart
tc_009_verifyErrorMessageText is onTestStart
tc_009_verifyErrorMessageText is onTestStart
tc_009_verifyErrorMessageText is onTestStart
tc_009_verifyErrorMessageText is onTestStart
tc_009_verifyErrorMessageText is onTestStart
tc_010_verifyErrorForEmptyCredentials is onTestStart
tc_011_verifySocialIconsDisplayed is onTestStart
tc_012_verifyFooterText is onTestStart]]>
  </system-out>
</testsuite> <!-- functionalTesting.LoginTest -->
